  Compiling CUDA source file kernel.cu...
  
  C:\Users\ungbo\Desktop\BME\_Diplomamunka\PointCloudProcessor\PointCloudProcessor\PointCloudProcessor>"C:\Program Files\NVIDIA GPU Computing Toolkit\CUDA\v11.6\bin\nvcc.exe" -gencode=arch=compute_52,code=\"sm_52,compute_52\" --use-local-env -ccbin "C:\Program Files (x86)\Microsoft Visual Studio\2019\Community\VC\Tools\MSVC\14.29.30133\bin\HostX86\x64" -x cu   -I"C:\Program Files\NVIDIA GPU Computing Toolkit\CUDA\v11.6\include" -I"C:\vcpkg\installed\x64-windows\include" -I"C:\Program Files\NVIDIA GPU Computing Toolkit\CUDA\v11.6\include"  -G   --keep-dir x64\Debug  -maxrregcount=0  --machine 64 --compile -cudart static  -g  -DWIN32 -DWIN64 -D_DEBUG -D_CONSOLE -D_MBCS -Xcompiler "/EHsc /W3 /nologo /Od /Fdx64\Debug\vc142.pdb /FS /Zi /RTC1 /MDd " -o C:\Users\ungbo\Desktop\BME\_Diplomamunka\PointCloudProcessor\PointCloudProcessor\PointCloudProcessor\x64\Debug\kernel.cu.obj "C:\Users\ungbo\Desktop\BME\_Diplomamunka\PointCloudProcessor\PointCloudProcessor\PointCloudProcessor\kernel.cu" 
C:\Users\ungbo\Desktop\BME\_Diplomamunka\PointCloudProcessor\PointCloudProcessor\PointCloudProcessor\kernel.cu(161): warning #461-D: initial value of reference to non-const must be an lvalue
  
C:\Users\ungbo\Desktop\BME\_Diplomamunka\PointCloudProcessor\PointCloudProcessor\PointCloudProcessor\kernel.cu(332): warning #461-D: initial value of reference to non-const must be an lvalue
  
C:\Users\ungbo\Desktop\BME\_Diplomamunka\PointCloudProcessor\PointCloudProcessor\PointCloudProcessor\kernel.cu(367): warning #177-D: variable "minPointCount" was declared but never referenced
  
C:\Users\ungbo\Desktop\BME\_Diplomamunka\PointCloudProcessor\PointCloudProcessor\PointCloudProcessor\kernel.cu(368): warning #177-D: variable "counter" was declared but never referenced
  
C:\Users\ungbo\Desktop\BME\_Diplomamunka\PointCloudProcessor\PointCloudProcessor\PointCloudProcessor\kernel.cu(708): warning #461-D: initial value of reference to non-const must be an lvalue
  
C:\Users\ungbo\Desktop\BME\_Diplomamunka\PointCloudProcessor\PointCloudProcessor\PointCloudProcessor\kernel.cu(713): warning #461-D: initial value of reference to non-const must be an lvalue
  
C:\Users\ungbo\Desktop\BME\_Diplomamunka\PointCloudProcessor\PointCloudProcessor\PointCloudProcessor\kernel.cu(713): warning #461-D: initial value of reference to non-const must be an lvalue
  
C:\Users\ungbo\Desktop\BME\_Diplomamunka\PointCloudProcessor\PointCloudProcessor\PointCloudProcessor\kernel.cu(718): warning #461-D: initial value of reference to non-const must be an lvalue
  
C:\Users\ungbo\Desktop\BME\_Diplomamunka\PointCloudProcessor\PointCloudProcessor\PointCloudProcessor\kernel.cu(718): warning #461-D: initial value of reference to non-const must be an lvalue
  
C:\Users\ungbo\Desktop\BME\_Diplomamunka\PointCloudProcessor\PointCloudProcessor\PointCloudProcessor\kernel.cu(733): warning #550-D: variable "neighbourPlaneId" was set but never used
  
C:\Users\ungbo\Desktop\BME\_Diplomamunka\PointCloudProcessor\PointCloudProcessor\PointCloudProcessor\kernel.cu(60): warning #177-D: variable "objectPointDistance" was declared but never referenced
  
C:\Users\ungbo\Desktop\BME\_Diplomamunka\PointCloudProcessor\PointCloudProcessor\PointCloudProcessor\kernel.cu(161): warning #461-D: initial value of reference to non-const must be an lvalue
  
C:\Users\ungbo\Desktop\BME\_Diplomamunka\PointCloudProcessor\PointCloudProcessor\PointCloudProcessor\kernel.cu(332): warning #461-D: initial value of reference to non-const must be an lvalue
  
C:\Users\ungbo\Desktop\BME\_Diplomamunka\PointCloudProcessor\PointCloudProcessor\PointCloudProcessor\kernel.cu(708): warning #461-D: initial value of reference to non-const must be an lvalue
  
C:\Users\ungbo\Desktop\BME\_Diplomamunka\PointCloudProcessor\PointCloudProcessor\PointCloudProcessor\kernel.cu(713): warning #461-D: initial value of reference to non-const must be an lvalue
  
C:\Users\ungbo\Desktop\BME\_Diplomamunka\PointCloudProcessor\PointCloudProcessor\PointCloudProcessor\kernel.cu(713): warning #461-D: initial value of reference to non-const must be an lvalue
  
C:\Users\ungbo\Desktop\BME\_Diplomamunka\PointCloudProcessor\PointCloudProcessor\PointCloudProcessor\kernel.cu(718): warning #461-D: initial value of reference to non-const must be an lvalue
  
C:\Users\ungbo\Desktop\BME\_Diplomamunka\PointCloudProcessor\PointCloudProcessor\PointCloudProcessor\kernel.cu(718): warning #461-D: initial value of reference to non-const must be an lvalue
  
  kernel.cu
C:\Users\ungbo\Desktop\BME\_Diplomamunka\PointCloudProcessor\PointCloudProcessor\PointCloudProcessor\kernel.cu(64): warning C4267: '=': conversion from 'size_t' to 'int', possible loss of data
C:\Users\ungbo\Desktop\BME\_Diplomamunka\PointCloudProcessor\PointCloudProcessor\PointCloudProcessor\kernel.cu(65): warning C4267: '=': conversion from 'size_t' to 'int', possible loss of data
C:\Users\ungbo\Desktop\BME\_Diplomamunka\PointCloudProcessor\PointCloudProcessor\PointCloudProcessor\kernel.cu(66): warning C4267: '=': conversion from 'size_t' to 'int', possible loss of data
C:\Users\ungbo\Desktop\BME\_Diplomamunka\PointCloudProcessor\PointCloudProcessor\PointCloudProcessor\kernel.cu(67): warning C4267: '=': conversion from 'size_t' to 'int', possible loss of data
C:\Users\ungbo\Desktop\BME\_Diplomamunka\PointCloudProcessor\PointCloudProcessor\PointCloudProcessor\kernel.cu(144): warning C4267: 'argument': conversion from 'size_t' to '_Ty', possible loss of data
          with
          [
              _Ty=int
          ]
C:\Users\ungbo\Desktop\BME\_Diplomamunka\PointCloudProcessor\PointCloudProcessor\PointCloudProcessor\kernel.cu(171): warning C4267: 'argument': conversion from 'size_t' to 'int', possible loss of data
C:\Users\ungbo\Desktop\BME\_Diplomamunka\PointCloudProcessor\PointCloudProcessor\PointCloudProcessor\kernel.cu(171): warning C4267: 'argument': conversion from 'size_t' to 'int', possible loss of data
C:\Users\ungbo\Desktop\BME\_Diplomamunka\PointCloudProcessor\PointCloudProcessor\PointCloudProcessor\kernel.cu(172): warning C4267: 'argument': conversion from 'size_t' to 'int', possible loss of data
C:\Users\ungbo\Desktop\BME\_Diplomamunka\PointCloudProcessor\PointCloudProcessor\PointCloudProcessor\kernel.cu(172): warning C4267: 'argument': conversion from 'size_t' to 'int', possible loss of data
C:\Users\ungbo\Desktop\BME\_Diplomamunka\PointCloudProcessor\PointCloudProcessor\PointCloudProcessor\kernel.cu(175): warning C4267: 'argument': conversion from 'size_t' to 'int', possible loss of data
C:\Users\ungbo\Desktop\BME\_Diplomamunka\PointCloudProcessor\PointCloudProcessor\PointCloudProcessor\kernel.cu(175): warning C4267: 'argument': conversion from 'size_t' to 'int', possible loss of data
C:\Users\ungbo\Desktop\BME\_Diplomamunka\PointCloudProcessor\PointCloudProcessor\PointCloudProcessor\kernel.cu(176): warning C4267: 'argument': conversion from 'size_t' to 'int', possible loss of data
C:\Users\ungbo\Desktop\BME\_Diplomamunka\PointCloudProcessor\PointCloudProcessor\PointCloudProcessor\kernel.cu(176): warning C4267: 'argument': conversion from 'size_t' to 'int', possible loss of data
C:\Users\ungbo\Desktop\BME\_Diplomamunka\PointCloudProcessor\PointCloudProcessor\PointCloudProcessor\kernel.cu(189): warning C4267: 'argument': conversion from 'size_t' to 'int', possible loss of data
C:\Users\ungbo\Desktop\BME\_Diplomamunka\PointCloudProcessor\PointCloudProcessor\PointCloudProcessor\kernel.cu(189): warning C4267: 'argument': conversion from 'size_t' to 'int', possible loss of data
C:\Users\ungbo\Desktop\BME\_Diplomamunka\PointCloudProcessor\PointCloudProcessor\PointCloudProcessor\kernel.cu(189): warning C4267: 'argument': conversion from 'size_t' to 'int', possible loss of data
C:\Users\ungbo\Desktop\BME\_Diplomamunka\PointCloudProcessor\PointCloudProcessor\PointCloudProcessor\kernel.cu(189): warning C4267: 'argument': conversion from 'size_t' to 'int', possible loss of data
C:\Users\ungbo\Desktop\BME\_Diplomamunka\PointCloudProcessor\PointCloudProcessor\PointCloudProcessor\kernel.cu(195): warning C4267: 'argument': conversion from 'size_t' to 'int', possible loss of data
C:\Users\ungbo\Desktop\BME\_Diplomamunka\PointCloudProcessor\PointCloudProcessor\PointCloudProcessor\kernel.cu(236): warning C4267: 'argument': conversion from 'size_t' to 'int', possible loss of data
C:\Users\ungbo\Desktop\BME\_Diplomamunka\PointCloudProcessor\PointCloudProcessor\PointCloudProcessor\kernel.cu(242): warning C4267: 'argument': conversion from 'size_t' to 'int', possible loss of data
C:\Users\ungbo\Desktop\BME\_Diplomamunka\PointCloudProcessor\PointCloudProcessor\PointCloudProcessor\kernel.cu(248): warning C4267: 'argument': conversion from 'size_t' to 'int', possible loss of data
C:\Users\ungbo\Desktop\BME\_Diplomamunka\PointCloudProcessor\PointCloudProcessor\PointCloudProcessor\kernel.cu(254): warning C4267: 'argument': conversion from 'size_t' to 'int', possible loss of data
C:\Users\ungbo\Desktop\BME\_Diplomamunka\PointCloudProcessor\PointCloudProcessor\PointCloudProcessor\kernel.cu(287): warning C4267: 'argument': conversion from 'size_t' to 'int', possible loss of data
C:\Users\ungbo\Desktop\BME\_Diplomamunka\PointCloudProcessor\PointCloudProcessor\PointCloudProcessor\kernel.cu(288): warning C4267: 'argument': conversion from 'size_t' to 'int', possible loss of data
C:\Users\ungbo\Desktop\BME\_Diplomamunka\PointCloudProcessor\PointCloudProcessor\PointCloudProcessor\kernel.cu(289): warning C4267: 'argument': conversion from 'size_t' to 'int', possible loss of data
C:\Users\ungbo\Desktop\BME\_Diplomamunka\PointCloudProcessor\PointCloudProcessor\PointCloudProcessor\kernel.cu(290): warning C4267: 'argument': conversion from 'size_t' to 'int', possible loss of data
C:\Users\ungbo\Desktop\BME\_Diplomamunka\PointCloudProcessor\PointCloudProcessor\PointCloudProcessor\kernel.cu(328): warning C4267: 'argument': conversion from 'size_t' to 'int', possible loss of data
C:\Users\ungbo\Desktop\BME\_Diplomamunka\PointCloudProcessor\PointCloudProcessor\PointCloudProcessor\kernel.cu(328): warning C4267: 'argument': conversion from 'size_t' to 'int', possible loss of data
C:\Users\ungbo\Desktop\BME\_Diplomamunka\PointCloudProcessor\PointCloudProcessor\PointCloudProcessor\kernel.cu(328): warning C4267: 'argument': conversion from 'size_t' to 'int', possible loss of data
C:\Users\ungbo\Desktop\BME\_Diplomamunka\PointCloudProcessor\PointCloudProcessor\PointCloudProcessor\kernel.cu(328): warning C4267: 'argument': conversion from 'size_t' to 'int', possible loss of data
C:\Users\ungbo\Desktop\BME\_Diplomamunka\PointCloudProcessor\PointCloudProcessor\PointCloudProcessor\kernel.cu(354): warning C4244: '=': conversion from 'size_t' to '_Ty2', possible loss of data
          with
          [
              _Ty2=double
          ]
C:\Users\ungbo\Desktop\BME\_Diplomamunka\PointCloudProcessor\PointCloudProcessor\PointCloudProcessor\kernel.cu(356): warning C4244: '=': conversion from 'size_t' to '_Ty1', possible loss of data
          with
          [
              _Ty1=double
          ]
C:\Users\ungbo\Desktop\BME\_Diplomamunka\PointCloudProcessor\PointCloudProcessor\PointCloudProcessor\kernel.cu(358): warning C4244: '=': conversion from 'size_t' to '_Ty2', possible loss of data
          with
          [
              _Ty2=double
          ]
C:\Users\ungbo\Desktop\BME\_Diplomamunka\PointCloudProcessor\PointCloudProcessor\PointCloudProcessor\kernel.cu(360): warning C4244: '=': conversion from 'size_t' to '_Ty1', possible loss of data
          with
          [
              _Ty1=double
          ]
C:\Users\ungbo\Desktop\BME\_Diplomamunka\PointCloudProcessor\PointCloudProcessor\PointCloudProcessor\kernel.cu(387): warning C4267: 'argument': conversion from 'size_t' to 'int', possible loss of data
C:\Users\ungbo\Desktop\BME\_Diplomamunka\PointCloudProcessor\PointCloudProcessor\PointCloudProcessor\kernel.cu(387): warning C4267: 'argument': conversion from 'size_t' to 'int', possible loss of data
C:\Users\ungbo\Desktop\BME\_Diplomamunka\PointCloudProcessor\PointCloudProcessor\PointCloudProcessor\kernel.cu(387): warning C4267: 'argument': conversion from 'size_t' to 'int', possible loss of data
C:\Users\ungbo\Desktop\BME\_Diplomamunka\PointCloudProcessor\PointCloudProcessor\PointCloudProcessor\kernel.cu(387): warning C4267: 'argument': conversion from 'size_t' to 'int', possible loss of data
C:\Users\ungbo\Desktop\BME\_Diplomamunka\PointCloudProcessor\PointCloudProcessor\PointCloudProcessor\kernel.cu(423): warning C4267: 'initializing': conversion from 'size_t' to 'int', possible loss of data
C:\Users\ungbo\Desktop\BME\_Diplomamunka\PointCloudProcessor\PointCloudProcessor\PointCloudProcessor\kernel.cu(474): warning C4267: 'argument': conversion from 'size_t' to 'int', possible loss of data
C:\Users\ungbo\Desktop\BME\_Diplomamunka\PointCloudProcessor\PointCloudProcessor\PointCloudProcessor\kernel.cu(477): warning C4267: 'argument': conversion from 'size_t' to 'int', possible loss of data
C:\Users\ungbo\Desktop\BME\_Diplomamunka\PointCloudProcessor\PointCloudProcessor\PointCloudProcessor\kernel.cu(480): warning C4267: 'argument': conversion from 'size_t' to 'int', possible loss of data
C:\Users\ungbo\Desktop\BME\_Diplomamunka\PointCloudProcessor\PointCloudProcessor\PointCloudProcessor\kernel.cu(483): warning C4267: 'argument': conversion from 'size_t' to 'int', possible loss of data
C:\Users\ungbo\Desktop\BME\_Diplomamunka\PointCloudProcessor\PointCloudProcessor\PointCloudProcessor\kernel.cu(496): warning C4267: 'argument': conversion from 'size_t' to 'int', possible loss of data
C:\Users\ungbo\Desktop\BME\_Diplomamunka\PointCloudProcessor\PointCloudProcessor\PointCloudProcessor\kernel.cu(499): warning C4267: 'argument': conversion from 'size_t' to 'int', possible loss of data
C:\Users\ungbo\Desktop\BME\_Diplomamunka\PointCloudProcessor\PointCloudProcessor\PointCloudProcessor\kernel.cu(502): warning C4267: 'argument': conversion from 'size_t' to 'int', possible loss of data
C:\Users\ungbo\Desktop\BME\_Diplomamunka\PointCloudProcessor\PointCloudProcessor\PointCloudProcessor\kernel.cu(505): warning C4267: 'argument': conversion from 'size_t' to 'int', possible loss of data
C:\Users\ungbo\Desktop\BME\_Diplomamunka\PointCloudProcessor\PointCloudProcessor\PointCloudProcessor\kernel.cu(548): warning C4267: 'argument': conversion from 'size_t' to 'int', possible loss of data
C:\Users\ungbo\Desktop\BME\_Diplomamunka\PointCloudProcessor\PointCloudProcessor\PointCloudProcessor\kernel.cu(552): warning C4267: 'argument': conversion from 'size_t' to 'int', possible loss of data
C:\Users\ungbo\Desktop\BME\_Diplomamunka\PointCloudProcessor\PointCloudProcessor\PointCloudProcessor\kernel.cu(556): warning C4267: 'argument': conversion from 'size_t' to 'int', possible loss of data
C:\Users\ungbo\Desktop\BME\_Diplomamunka\PointCloudProcessor\PointCloudProcessor\PointCloudProcessor\kernel.cu(560): warning C4267: 'argument': conversion from 'size_t' to 'int', possible loss of data
C:\Users\ungbo\Desktop\BME\_Diplomamunka\PointCloudProcessor\PointCloudProcessor\PointCloudProcessor\kernel.cu(569): warning C4267: 'argument': conversion from 'size_t' to 'int', possible loss of data
C:\Users\ungbo\Desktop\BME\_Diplomamunka\PointCloudProcessor\PointCloudProcessor\PointCloudProcessor\kernel.cu(571): warning C4267: 'argument': conversion from 'size_t' to 'int', possible loss of data
C:\Users\ungbo\Desktop\BME\_Diplomamunka\PointCloudProcessor\PointCloudProcessor\PointCloudProcessor\kernel.cu(573): warning C4267: 'argument': conversion from 'size_t' to 'int', possible loss of data
C:\Users\ungbo\Desktop\BME\_Diplomamunka\PointCloudProcessor\PointCloudProcessor\PointCloudProcessor\kernel.cu(575): warning C4267: 'argument': conversion from 'size_t' to 'int', possible loss of data
C:\Users\ungbo\Desktop\BME\_Diplomamunka\PointCloudProcessor\PointCloudProcessor\PointCloudProcessor\kernel.cu(589): warning C4267: 'argument': conversion from 'size_t' to 'int', possible loss of data
C:\Users\ungbo\Desktop\BME\_Diplomamunka\PointCloudProcessor\PointCloudProcessor\PointCloudProcessor\kernel.cu(589): warning C4267: 'argument': conversion from 'size_t' to 'int', possible loss of data
C:\Users\ungbo\Desktop\BME\_Diplomamunka\PointCloudProcessor\PointCloudProcessor\PointCloudProcessor\kernel.cu(589): warning C4267: 'argument': conversion from 'size_t' to 'int', possible loss of data
C:\Users\ungbo\Desktop\BME\_Diplomamunka\PointCloudProcessor\PointCloudProcessor\PointCloudProcessor\kernel.cu(589): warning C4267: 'argument': conversion from 'size_t' to 'int', possible loss of data
C:\Users\ungbo\Desktop\BME\_Diplomamunka\PointCloudProcessor\PointCloudProcessor\PointCloudProcessor\kernel.cu(677): warning C4267: '+=': conversion from 'size_t' to '_Ty1', possible loss of data
          with
          [
              _Ty1=int
          ]
C:\Users\ungbo\Desktop\BME\_Diplomamunka\PointCloudProcessor\PointCloudProcessor\PointCloudProcessor\kernel.cu(679): warning C4267: '+=': conversion from 'size_t' to '_Ty1', possible loss of data
          with
          [
              _Ty1=int
          ]
C:\Users\ungbo\Desktop\BME\_Diplomamunka\PointCloudProcessor\PointCloudProcessor\PointCloudProcessor\kernel.cu(705): warning C4267: 'argument': conversion from 'size_t' to 'int', possible loss of data
C:\Users\ungbo\Desktop\BME\_Diplomamunka\PointCloudProcessor\PointCloudProcessor\PointCloudProcessor\kernel.cu(705): warning C4267: 'initializing': conversion from 'size_t' to 'int', possible loss of data
C:\Users\ungbo\Desktop\BME\_Diplomamunka\PointCloudProcessor\PointCloudProcessor\PointCloudProcessor\kernel.cu(715): warning C4267: 'argument': conversion from 'size_t' to 'int', possible loss of data
C:\Users\ungbo\Desktop\BME\_Diplomamunka\PointCloudProcessor\PointCloudProcessor\PointCloudProcessor\kernel.cu(715): warning C4267: 'initializing': conversion from 'size_t' to 'int', possible loss of data
C:\Program Files (x86)\Microsoft Visual Studio\2019\Community\VC\Tools\MSVC\14.29.30133\include\utility(311): warning C4244: '=': conversion from '_Ty' to '_Ty1', possible loss of data
          with
          [
              _Ty=unsigned __int64
          ]
          and
          [
              _Ty1=double
          ]
  C:\Users\ungbo\Desktop\BME\_Diplomamunka\PointCloudProcessor\PointCloudProcessor\PointCloudProcessor\kernel.cu(349): note: see reference to function template instantiation 'std::pair<double,double> &std::pair<double,double>::operator =<unsigned __int64,unsigned __int64,0>(std::pair<unsigned __int64,unsigned __int64> &&) noexcept' being compiled
  C:\Users\ungbo\Desktop\BME\_Diplomamunka\PointCloudProcessor\PointCloudProcessor\PointCloudProcessor\kernel.cu(349): note: see reference to function template instantiation 'std::pair<double,double> &std::pair<double,double>::operator =<unsigned __int64,unsigned __int64,0>(std::pair<unsigned __int64,unsigned __int64> &&) noexcept' being compiled
C:\Program Files (x86)\Microsoft Visual Studio\2019\Community\VC\Tools\MSVC\14.29.30133\include\utility(312): warning C4244: '=': conversion from '_Ty' to '_Ty2', possible loss of data
          with
          [
              _Ty=unsigned __int64
          ]
          and
          [
              _Ty2=double
          ]
C:\Program Files (x86)\Microsoft Visual Studio\2019\Community\VC\Tools\MSVC\14.29.30133\include\utility(194): warning C4244: 'initializing': conversion from '_Ty' to '_Ty1', possible loss of data
          with
          [
              _Ty=unsigned __int64
          ]
          and
          [
              _Ty1=int
          ]
  C:\Users\ungbo\Desktop\BME\_Diplomamunka\PointCloudProcessor\PointCloudProcessor\PointCloudProcessor\kernel.cu(664): note: see reference to function template instantiation 'std::pair<int,int>::pair<size_t,_Ty1,0>(_Other1 &&,_Other2 &&) noexcept' being compiled
          with
          [
              _Ty1=double,
              _Other1=size_t,
              _Other2=double
          ]
  C:\Users\ungbo\Desktop\BME\_Diplomamunka\PointCloudProcessor\PointCloudProcessor\PointCloudProcessor\kernel.cu(664): note: see reference to function template instantiation 'std::pair<int,int>::pair<size_t,_Ty1,0>(_Other1 &&,_Other2 &&) noexcept' being compiled
          with
          [
              _Ty1=double,
              _Other1=size_t,
              _Other2=double
          ]
C:\Program Files (x86)\Microsoft Visual Studio\2019\Community\VC\Tools\MSVC\14.29.30133\include\utility(194): warning C4244: 'initializing': conversion from '_Ty' to '_Ty2', possible loss of data
          with
          [
              _Ty=double
          ]
          and
          [
              _Ty2=int
          ]
C:\Program Files (x86)\Microsoft Visual Studio\2019\Community\VC\Tools\MSVC\14.29.30133\include\utility(194): warning C4244: 'initializing': conversion from 'const _Ty' to '_Ty1', possible loss of data
          with
          [
              _Ty=double
          ]
          and
          [
              _Ty1=int
          ]
  C:\Users\ungbo\Desktop\BME\_Diplomamunka\PointCloudProcessor\PointCloudProcessor\PointCloudProcessor\kernel.cu(684): note: see reference to function template instantiation 'std::pair<int,int>::pair<const _Ty&,const _Ty&,0>(_Other1,_Other2) noexcept' being compiled
          with
          [
              _Ty=double,
              _Other1=const double &,
              _Other2=const double &
          ]
  C:\Users\ungbo\Desktop\BME\_Diplomamunka\PointCloudProcessor\PointCloudProcessor\PointCloudProcessor\kernel.cu(684): note: see reference to function template instantiation 'std::pair<int,int>::pair<const _Ty&,const _Ty&,0>(_Other1,_Other2) noexcept' being compiled
          with
          [
              _Ty=double,
              _Other1=const double &,
              _Other2=const double &
          ]
C:\Program Files (x86)\Microsoft Visual Studio\2019\Community\VC\Tools\MSVC\14.29.30133\include\utility(194): warning C4244: 'initializing': conversion from 'const _Ty' to '_Ty2', possible loss of data
          with
          [
              _Ty=double
          ]
          and
          [
              _Ty2=int
          ]
  PointCloudProcessor.vcxproj -> C:\Users\ungbo\Desktop\BME\_Diplomamunka\PointCloudProcessor\PointCloudProcessor\x64\Debug\PointCloudProcessor.exe
