  Compiling CUDA source file kernel_temp.cu...
  
  C:\Users\ungbo\Desktop\BME\_Diplomamunka\PointCloudProcessor\PointCloudProcessor\CudaRuntime1>"C:\Program Files\NVIDIA GPU Computing Toolkit\CUDA\v11.6\bin\nvcc.exe" -gencode=arch=compute_52,code=\"sm_52,compute_52\" --use-local-env -ccbin "C:\Program Files (x86)\Microsoft Visual Studio\2019\Community\VC\Tools\MSVC\14.29.30133\bin\HostX86\x64" -x cu   -I"C:\Program Files\NVIDIA GPU Computing Toolkit\CUDA\v11.6\include" -I"C:\vcpkg\installed\x64-windows\include" -I"C:\Program Files\NVIDIA GPU Computing Toolkit\CUDA\v11.6\include"  -G   --keep-dir x64\Debug  -maxrregcount=0  --machine 64 --compile -cudart static  -g  -DWIN32 -DWIN64 -D_DEBUG -D_CONSOLE -D_MBCS -Xcompiler "/EHsc /W3 /nologo /Od /Fdx64\Debug\vc142.pdb /FS /Zi /RTC1 /MDd " -o C:\Users\ungbo\Desktop\BME\_Diplomamunka\PointCloudProcessor\PointCloudProcessor\CudaRuntime1\x64\Debug\kernel_temp.cu.obj "C:\Users\ungbo\Desktop\BME\_Diplomamunka\PointCloudProcessor\PointCloudProcessor\CudaRuntime1\kernel_temp.cu" 
C:\Users\ungbo\Desktop\BME\_Diplomamunka\PointCloudProcessor\PointCloudProcessor\CudaRuntime1\kernel_temp.h(116): warning #20014-D: calling a __host__ function from a __host__ __device__ function is not allowed
  
C:\Users\ungbo\Desktop\BME\_Diplomamunka\PointCloudProcessor\PointCloudProcessor\CudaRuntime1\kernel_temp.h(116): warning #20014-D: calling a __host__ function from a __host__ __device__ function is not allowed
  
C:\Users\ungbo\Desktop\BME\_Diplomamunka\PointCloudProcessor\PointCloudProcessor\CudaRuntime1\kernel_temp.h(117): warning #20014-D: calling a __host__ function from a __host__ __device__ function is not allowed
  
C:\Users\ungbo\Desktop\BME\_Diplomamunka\PointCloudProcessor\PointCloudProcessor\CudaRuntime1\kernel_temp.h(119): warning #20014-D: calling a __host__ function from a __host__ __device__ function is not allowed
  
C:\Users\ungbo\Desktop\BME\_Diplomamunka\PointCloudProcessor\PointCloudProcessor\CudaRuntime1\kernel_temp.h(121): warning #20014-D: calling a __host__ function from a __host__ __device__ function is not allowed
  
C:\Users\ungbo\Desktop\BME\_Diplomamunka\PointCloudProcessor\PointCloudProcessor\CudaRuntime1\kernel_temp.h(123): warning #20014-D: calling a __host__ function from a __host__ __device__ function is not allowed
  
C:\Users\ungbo\Desktop\BME\_Diplomamunka\PointCloudProcessor\PointCloudProcessor\CudaRuntime1\kernel_temp.h(163): warning #461-D: initial value of reference to non-const must be an lvalue
  
C:\Users\ungbo\Desktop\BME\_Diplomamunka\PointCloudProcessor\PointCloudProcessor\CudaRuntime1\kernel_temp.h(193): warning #20014-D: calling a __host__ function from a __host__ __device__ function is not allowed
  
C:\Users\ungbo\Desktop\BME\_Diplomamunka\PointCloudProcessor\PointCloudProcessor\CudaRuntime1\kernel_temp.h(193): warning #20014-D: calling a __host__ function from a __host__ __device__ function is not allowed
  
C:\Users\ungbo\Desktop\BME\_Diplomamunka\PointCloudProcessor\PointCloudProcessor\CudaRuntime1\kernel_temp.h(194): warning #20014-D: calling a __host__ function from a __host__ __device__ function is not allowed
  
C:\Users\ungbo\Desktop\BME\_Diplomamunka\PointCloudProcessor\PointCloudProcessor\CudaRuntime1\kernel_temp.h(196): warning #20014-D: calling a __host__ function from a __host__ __device__ function is not allowed
  
C:\Users\ungbo\Desktop\BME\_Diplomamunka\PointCloudProcessor\PointCloudProcessor\CudaRuntime1\kernel_temp.h(198): warning #20014-D: calling a __host__ function from a __host__ __device__ function is not allowed
  
C:\Users\ungbo\Desktop\BME\_Diplomamunka\PointCloudProcessor\PointCloudProcessor\CudaRuntime1\kernel_temp.h(200): warning #20014-D: calling a __host__ function from a __host__ __device__ function is not allowed
  
C:\Users\ungbo\Desktop\BME\_Diplomamunka\PointCloudProcessor\PointCloudProcessor\CudaRuntime1\kernel_temp.cu(291): warning #461-D: initial value of reference to non-const must be an lvalue
  
C:\Users\ungbo\Desktop\BME\_Diplomamunka\PointCloudProcessor\PointCloudProcessor\CudaRuntime1\kernel_temp.cu(326): warning #177-D: variable "planeMerged" was declared but never referenced
  
C:\Users\ungbo\Desktop\BME\_Diplomamunka\PointCloudProcessor\PointCloudProcessor\CudaRuntime1\kernel_temp.cu(311): warning #177-D: variable "minPointCount" was declared but never referenced
  
C:\Users\ungbo\Desktop\BME\_Diplomamunka\PointCloudProcessor\PointCloudProcessor\CudaRuntime1\kernel_temp.cu(312): warning #177-D: variable "counter" was declared but never referenced
  
C:\Users\ungbo\Desktop\BME\_Diplomamunka\PointCloudProcessor\PointCloudProcessor\CudaRuntime1\kernel_temp.cu(451): warning #68-D: integer conversion resulted in a change of sign
  
C:\Users\ungbo\Desktop\BME\_Diplomamunka\PointCloudProcessor\PointCloudProcessor\CudaRuntime1\kernel_temp.cu(750): warning #550-D: variable "isNeighbour" was set but never used
  
C:\Users\ungbo\Desktop\BME\_Diplomamunka\PointCloudProcessor\PointCloudProcessor\CudaRuntime1\kernel_temp.cu(828): warning #177-D: variable "deleteDurroundingCornersTreshold" was declared but never referenced
  
C:\Users\ungbo\Desktop\BME\_Diplomamunka\PointCloudProcessor\PointCloudProcessor\CudaRuntime1\kernel_temp.cu(895): warning #461-D: initial value of reference to non-const must be an lvalue
  
C:\Users\ungbo\Desktop\BME\_Diplomamunka\PointCloudProcessor\PointCloudProcessor\CudaRuntime1\kernel_temp.cu(900): warning #461-D: initial value of reference to non-const must be an lvalue
  
C:\Users\ungbo\Desktop\BME\_Diplomamunka\PointCloudProcessor\PointCloudProcessor\CudaRuntime1\kernel_temp.cu(900): warning #461-D: initial value of reference to non-const must be an lvalue
  
C:\Users\ungbo\Desktop\BME\_Diplomamunka\PointCloudProcessor\PointCloudProcessor\CudaRuntime1\kernel_temp.cu(920): warning #461-D: initial value of reference to non-const must be an lvalue
  
C:\Users\ungbo\Desktop\BME\_Diplomamunka\PointCloudProcessor\PointCloudProcessor\CudaRuntime1\kernel_temp.cu(926): warning #461-D: initial value of reference to non-const must be an lvalue
  
C:\Users\ungbo\Desktop\BME\_Diplomamunka\PointCloudProcessor\PointCloudProcessor\CudaRuntime1\kernel_temp.cu(926): warning #461-D: initial value of reference to non-const must be an lvalue
  
C:\Users\ungbo\Desktop\BME\_Diplomamunka\PointCloudProcessor\PointCloudProcessor\CudaRuntime1\kernel_temp.cu(1472): warning #177-D: variable "hasFoundIntersection" was declared but never referenced
  
C:\Users\ungbo\Desktop\BME\_Diplomamunka\PointCloudProcessor\PointCloudProcessor\CudaRuntime1\kernel_temp.cu(1795): warning #461-D: initial value of reference to non-const must be an lvalue
  
C:\Users\ungbo\Desktop\BME\_Diplomamunka\PointCloudProcessor\PointCloudProcessor\CudaRuntime1\kernel_temp.cu(1921): warning #461-D: initial value of reference to non-const must be an lvalue
  
C:\Users\ungbo\Desktop\BME\_Diplomamunka\PointCloudProcessor\PointCloudProcessor\CudaRuntime1\kernel_temp.cu(2013): warning #461-D: initial value of reference to non-const must be an lvalue
  
C:\Users\ungbo\Desktop\BME\_Diplomamunka\PointCloudProcessor\PointCloudProcessor\CudaRuntime1\kernel_temp.cu(2014): warning #461-D: initial value of reference to non-const must be an lvalue
  
C:\Users\ungbo\Desktop\BME\_Diplomamunka\PointCloudProcessor\PointCloudProcessor\CudaRuntime1\kernel_temp.cu(2015): warning #461-D: initial value of reference to non-const must be an lvalue
  
C:\Users\ungbo\Desktop\BME\_Diplomamunka\PointCloudProcessor\PointCloudProcessor\CudaRuntime1\kernel_temp.cu(2016): warning #461-D: initial value of reference to non-const must be an lvalue
  
C:\Users\ungbo\Desktop\BME\_Diplomamunka\PointCloudProcessor\PointCloudProcessor\CudaRuntime1\kernel_temp.cu(2044): warning #461-D: initial value of reference to non-const must be an lvalue
  
C:\Users\ungbo\Desktop\BME\_Diplomamunka\PointCloudProcessor\PointCloudProcessor\CudaRuntime1\kernel_temp.cu(2045): warning #461-D: initial value of reference to non-const must be an lvalue
  
C:\Users\ungbo\Desktop\BME\_Diplomamunka\PointCloudProcessor\PointCloudProcessor\CudaRuntime1\kernel_temp.cu(2046): warning #461-D: initial value of reference to non-const must be an lvalue
  
C:\Users\ungbo\Desktop\BME\_Diplomamunka\PointCloudProcessor\PointCloudProcessor\CudaRuntime1\kernel_temp.cu(2047): warning #461-D: initial value of reference to non-const must be an lvalue
  
C:\Users\ungbo\Desktop\BME\_Diplomamunka\PointCloudProcessor\PointCloudProcessor\CudaRuntime1\kernel_temp.cu(2455): warning #177-D: variable "neighbourSize_hole" was declared but never referenced
  
C:\Users\ungbo\Desktop\BME\_Diplomamunka\PointCloudProcessor\PointCloudProcessor\CudaRuntime1\kernel_temp.cu(2457): warning #177-D: variable "edgeCount_hole" was declared but never referenced
  
C:\Users\ungbo\Desktop\BME\_Diplomamunka\PointCloudProcessor\PointCloudProcessor\CudaRuntime1\kernel_temp.cu(2960): warning #461-D: initial value of reference to non-const must be an lvalue
  
C:\Users\ungbo\Desktop\BME\_Diplomamunka\PointCloudProcessor\PointCloudProcessor\CudaRuntime1\kernel_temp.cu(15): warning #177-D: variable "objectPointDistance" was declared but never referenced
  
C:\Users\ungbo\Desktop\BME\_Diplomamunka\PointCloudProcessor\PointCloudProcessor\CudaRuntime1\kernel_temp.h(163): warning #461-D: initial value of reference to non-const must be an lvalue
  
C:\Users\ungbo\Desktop\BME\_Diplomamunka\PointCloudProcessor\PointCloudProcessor\CudaRuntime1\kernel_temp.cu(291): warning #461-D: initial value of reference to non-const must be an lvalue
  
C:\Users\ungbo\Desktop\BME\_Diplomamunka\PointCloudProcessor\PointCloudProcessor\CudaRuntime1\kernel_temp.cu(451): warning #68-D: integer conversion resulted in a change of sign
  
C:\Users\ungbo\Desktop\BME\_Diplomamunka\PointCloudProcessor\PointCloudProcessor\CudaRuntime1\kernel_temp.cu(895): warning #461-D: initial value of reference to non-const must be an lvalue
  
C:\Users\ungbo\Desktop\BME\_Diplomamunka\PointCloudProcessor\PointCloudProcessor\CudaRuntime1\kernel_temp.cu(900): warning #461-D: initial value of reference to non-const must be an lvalue
  
C:\Users\ungbo\Desktop\BME\_Diplomamunka\PointCloudProcessor\PointCloudProcessor\CudaRuntime1\kernel_temp.cu(900): warning #461-D: initial value of reference to non-const must be an lvalue
  
C:\Users\ungbo\Desktop\BME\_Diplomamunka\PointCloudProcessor\PointCloudProcessor\CudaRuntime1\kernel_temp.cu(920): warning #461-D: initial value of reference to non-const must be an lvalue
  
C:\Users\ungbo\Desktop\BME\_Diplomamunka\PointCloudProcessor\PointCloudProcessor\CudaRuntime1\kernel_temp.cu(926): warning #461-D: initial value of reference to non-const must be an lvalue
  
C:\Users\ungbo\Desktop\BME\_Diplomamunka\PointCloudProcessor\PointCloudProcessor\CudaRuntime1\kernel_temp.cu(926): warning #461-D: initial value of reference to non-const must be an lvalue
  
C:\Users\ungbo\Desktop\BME\_Diplomamunka\PointCloudProcessor\PointCloudProcessor\CudaRuntime1\kernel_temp.cu(1795): warning #461-D: initial value of reference to non-const must be an lvalue
  
C:\Users\ungbo\Desktop\BME\_Diplomamunka\PointCloudProcessor\PointCloudProcessor\CudaRuntime1\kernel_temp.cu(1921): warning #461-D: initial value of reference to non-const must be an lvalue
  
C:\Users\ungbo\Desktop\BME\_Diplomamunka\PointCloudProcessor\PointCloudProcessor\CudaRuntime1\kernel_temp.cu(2013): warning #461-D: initial value of reference to non-const must be an lvalue
  
C:\Users\ungbo\Desktop\BME\_Diplomamunka\PointCloudProcessor\PointCloudProcessor\CudaRuntime1\kernel_temp.cu(2014): warning #461-D: initial value of reference to non-const must be an lvalue
  
C:\Users\ungbo\Desktop\BME\_Diplomamunka\PointCloudProcessor\PointCloudProcessor\CudaRuntime1\kernel_temp.cu(2015): warning #461-D: initial value of reference to non-const must be an lvalue
  
C:\Users\ungbo\Desktop\BME\_Diplomamunka\PointCloudProcessor\PointCloudProcessor\CudaRuntime1\kernel_temp.cu(2016): warning #461-D: initial value of reference to non-const must be an lvalue
  
C:\Users\ungbo\Desktop\BME\_Diplomamunka\PointCloudProcessor\PointCloudProcessor\CudaRuntime1\kernel_temp.cu(2044): warning #461-D: initial value of reference to non-const must be an lvalue
  
C:\Users\ungbo\Desktop\BME\_Diplomamunka\PointCloudProcessor\PointCloudProcessor\CudaRuntime1\kernel_temp.cu(2045): warning #461-D: initial value of reference to non-const must be an lvalue
  
C:\Users\ungbo\Desktop\BME\_Diplomamunka\PointCloudProcessor\PointCloudProcessor\CudaRuntime1\kernel_temp.cu(2046): warning #461-D: initial value of reference to non-const must be an lvalue
  
C:\Users\ungbo\Desktop\BME\_Diplomamunka\PointCloudProcessor\PointCloudProcessor\CudaRuntime1\kernel_temp.cu(2047): warning #461-D: initial value of reference to non-const must be an lvalue
  
C:\Users\ungbo\Desktop\BME\_Diplomamunka\PointCloudProcessor\PointCloudProcessor\CudaRuntime1\kernel_temp.cu(2960): warning #461-D: initial value of reference to non-const must be an lvalue
  
  kernel_temp.cu
C:\Users\ungbo\Desktop\BME\_Diplomamunka\PointCloudProcessor\PointCloudProcessor\CudaRuntime1\kernel_temp.cu(20): warning C4267: '=': conversion from 'size_t' to 'int', possible loss of data
C:\Users\ungbo\Desktop\BME\_Diplomamunka\PointCloudProcessor\PointCloudProcessor\CudaRuntime1\kernel_temp.cu(21): warning C4267: '=': conversion from 'size_t' to 'int', possible loss of data
C:\Users\ungbo\Desktop\BME\_Diplomamunka\PointCloudProcessor\PointCloudProcessor\CudaRuntime1\kernel_temp.cu(22): warning C4267: '=': conversion from 'size_t' to 'int', possible loss of data
C:\Users\ungbo\Desktop\BME\_Diplomamunka\PointCloudProcessor\PointCloudProcessor\CudaRuntime1\kernel_temp.cu(23): warning C4267: '=': conversion from 'size_t' to 'int', possible loss of data
C:\Users\ungbo\Desktop\BME\_Diplomamunka\PointCloudProcessor\PointCloudProcessor\CudaRuntime1\kernel_temp.cu(107): warning C4267: 'argument': conversion from 'size_t' to 'int', possible loss of data
C:\Users\ungbo\Desktop\BME\_Diplomamunka\PointCloudProcessor\PointCloudProcessor\CudaRuntime1\kernel_temp.cu(107): warning C4267: 'argument': conversion from 'size_t' to 'int', possible loss of data
C:\Users\ungbo\Desktop\BME\_Diplomamunka\PointCloudProcessor\PointCloudProcessor\CudaRuntime1\kernel_temp.cu(107): warning C4267: 'argument': conversion from 'size_t' to 'int', possible loss of data
C:\Users\ungbo\Desktop\BME\_Diplomamunka\PointCloudProcessor\PointCloudProcessor\CudaRuntime1\kernel_temp.cu(107): warning C4267: 'argument': conversion from 'size_t' to 'int', possible loss of data
C:\Users\ungbo\Desktop\BME\_Diplomamunka\PointCloudProcessor\PointCloudProcessor\CudaRuntime1\kernel_temp.cu(110): warning C4267: 'argument': conversion from 'size_t' to 'int', possible loss of data
C:\Users\ungbo\Desktop\BME\_Diplomamunka\PointCloudProcessor\PointCloudProcessor\CudaRuntime1\kernel_temp.cu(110): warning C4267: 'argument': conversion from 'size_t' to 'int', possible loss of data
C:\Users\ungbo\Desktop\BME\_Diplomamunka\PointCloudProcessor\PointCloudProcessor\CudaRuntime1\kernel_temp.cu(110): warning C4267: 'argument': conversion from 'size_t' to 'int', possible loss of data
C:\Users\ungbo\Desktop\BME\_Diplomamunka\PointCloudProcessor\PointCloudProcessor\CudaRuntime1\kernel_temp.cu(110): warning C4267: 'argument': conversion from 'size_t' to 'int', possible loss of data
C:\Users\ungbo\Desktop\BME\_Diplomamunka\PointCloudProcessor\PointCloudProcessor\CudaRuntime1\kernel_temp.cu(145): warning C4267: 'argument': conversion from 'size_t' to 'int', possible loss of data
C:\Users\ungbo\Desktop\BME\_Diplomamunka\PointCloudProcessor\PointCloudProcessor\CudaRuntime1\kernel_temp.cu(145): warning C4267: 'argument': conversion from 'size_t' to 'int', possible loss of data
C:\Users\ungbo\Desktop\BME\_Diplomamunka\PointCloudProcessor\PointCloudProcessor\CudaRuntime1\kernel_temp.cu(145): warning C4267: 'argument': conversion from 'size_t' to 'int', possible loss of data
C:\Users\ungbo\Desktop\BME\_Diplomamunka\PointCloudProcessor\PointCloudProcessor\CudaRuntime1\kernel_temp.cu(145): warning C4267: 'argument': conversion from 'size_t' to 'int', possible loss of data
C:\Users\ungbo\Desktop\BME\_Diplomamunka\PointCloudProcessor\PointCloudProcessor\CudaRuntime1\kernel_temp.cu(161): warning C4267: 'argument': conversion from 'size_t' to 'int', possible loss of data
C:\Users\ungbo\Desktop\BME\_Diplomamunka\PointCloudProcessor\PointCloudProcessor\CudaRuntime1\kernel_temp.cu(161): warning C4267: 'argument': conversion from 'size_t' to 'int', possible loss of data
C:\Users\ungbo\Desktop\BME\_Diplomamunka\PointCloudProcessor\PointCloudProcessor\CudaRuntime1\kernel_temp.cu(161): warning C4267: 'argument': conversion from 'size_t' to 'int', possible loss of data
C:\Users\ungbo\Desktop\BME\_Diplomamunka\PointCloudProcessor\PointCloudProcessor\CudaRuntime1\kernel_temp.cu(161): warning C4267: 'argument': conversion from 'size_t' to 'int', possible loss of data
C:\Users\ungbo\Desktop\BME\_Diplomamunka\PointCloudProcessor\PointCloudProcessor\CudaRuntime1\kernel_temp.cu(170): warning C4267: 'argument': conversion from 'size_t' to 'int', possible loss of data
C:\Users\ungbo\Desktop\BME\_Diplomamunka\PointCloudProcessor\PointCloudProcessor\CudaRuntime1\kernel_temp.cu(170): warning C4267: 'argument': conversion from 'size_t' to 'int', possible loss of data
C:\Users\ungbo\Desktop\BME\_Diplomamunka\PointCloudProcessor\PointCloudProcessor\CudaRuntime1\kernel_temp.cu(170): warning C4267: 'argument': conversion from 'size_t' to 'int', possible loss of data
C:\Users\ungbo\Desktop\BME\_Diplomamunka\PointCloudProcessor\PointCloudProcessor\CudaRuntime1\kernel_temp.cu(170): warning C4267: 'argument': conversion from 'size_t' to 'int', possible loss of data
C:\Users\ungbo\Desktop\BME\_Diplomamunka\PointCloudProcessor\PointCloudProcessor\CudaRuntime1\kernel_temp.cu(207): warning C4267: 'argument': conversion from 'size_t' to 'int', possible loss of data
C:\Users\ungbo\Desktop\BME\_Diplomamunka\PointCloudProcessor\PointCloudProcessor\CudaRuntime1\kernel_temp.cu(208): warning C4267: 'argument': conversion from 'size_t' to 'int', possible loss of data
C:\Users\ungbo\Desktop\BME\_Diplomamunka\PointCloudProcessor\PointCloudProcessor\CudaRuntime1\kernel_temp.cu(209): warning C4267: 'argument': conversion from 'size_t' to 'int', possible loss of data
C:\Users\ungbo\Desktop\BME\_Diplomamunka\PointCloudProcessor\PointCloudProcessor\CudaRuntime1\kernel_temp.cu(210): warning C4267: 'argument': conversion from 'size_t' to 'int', possible loss of data
C:\Users\ungbo\Desktop\BME\_Diplomamunka\PointCloudProcessor\PointCloudProcessor\CudaRuntime1\kernel_temp.cu(228): warning C4267: 'argument': conversion from 'size_t' to 'int', possible loss of data
C:\Users\ungbo\Desktop\BME\_Diplomamunka\PointCloudProcessor\PointCloudProcessor\CudaRuntime1\kernel_temp.cu(230): warning C4267: 'argument': conversion from 'size_t' to 'int', possible loss of data
C:\Users\ungbo\Desktop\BME\_Diplomamunka\PointCloudProcessor\PointCloudProcessor\CudaRuntime1\kernel_temp.cu(232): warning C4267: 'argument': conversion from 'size_t' to 'int', possible loss of data
C:\Users\ungbo\Desktop\BME\_Diplomamunka\PointCloudProcessor\PointCloudProcessor\CudaRuntime1\kernel_temp.cu(234): warning C4267: 'argument': conversion from 'size_t' to 'int', possible loss of data
C:\Users\ungbo\Desktop\BME\_Diplomamunka\PointCloudProcessor\PointCloudProcessor\CudaRuntime1\kernel_temp.cu(287): warning C4267: 'argument': conversion from 'size_t' to 'int', possible loss of data
C:\Users\ungbo\Desktop\BME\_Diplomamunka\PointCloudProcessor\PointCloudProcessor\CudaRuntime1\kernel_temp.cu(287): warning C4267: 'argument': conversion from 'size_t' to 'int', possible loss of data
C:\Users\ungbo\Desktop\BME\_Diplomamunka\PointCloudProcessor\PointCloudProcessor\CudaRuntime1\kernel_temp.cu(287): warning C4267: 'argument': conversion from 'size_t' to 'int', possible loss of data
C:\Users\ungbo\Desktop\BME\_Diplomamunka\PointCloudProcessor\PointCloudProcessor\CudaRuntime1\kernel_temp.cu(287): warning C4267: 'argument': conversion from 'size_t' to 'int', possible loss of data
C:\Users\ungbo\Desktop\BME\_Diplomamunka\PointCloudProcessor\PointCloudProcessor\CudaRuntime1\kernel_temp.cu(334): warning C4267: 'argument': conversion from 'size_t' to 'int', possible loss of data
C:\Users\ungbo\Desktop\BME\_Diplomamunka\PointCloudProcessor\PointCloudProcessor\CudaRuntime1\kernel_temp.cu(334): warning C4267: 'argument': conversion from 'size_t' to 'int', possible loss of data
C:\Users\ungbo\Desktop\BME\_Diplomamunka\PointCloudProcessor\PointCloudProcessor\CudaRuntime1\kernel_temp.cu(334): warning C4267: 'argument': conversion from 'size_t' to 'int', possible loss of data
C:\Users\ungbo\Desktop\BME\_Diplomamunka\PointCloudProcessor\PointCloudProcessor\CudaRuntime1\kernel_temp.cu(334): warning C4267: 'argument': conversion from 'size_t' to 'int', possible loss of data
C:\Users\ungbo\Desktop\BME\_Diplomamunka\PointCloudProcessor\PointCloudProcessor\CudaRuntime1\kernel_temp.cu(370): warning C4267: 'initializing': conversion from 'size_t' to 'int', possible loss of data
C:\Users\ungbo\Desktop\BME\_Diplomamunka\PointCloudProcessor\PointCloudProcessor\CudaRuntime1\kernel_temp.cu(326): warning C4101: 'planeMerged': unreferenced local variable
C:\Users\ungbo\Desktop\BME\_Diplomamunka\PointCloudProcessor\PointCloudProcessor\CudaRuntime1\kernel_temp.cu(408): warning C4267: 'argument': conversion from 'size_t' to 'int', possible loss of data
C:\Users\ungbo\Desktop\BME\_Diplomamunka\PointCloudProcessor\PointCloudProcessor\CudaRuntime1\kernel_temp.cu(411): warning C4267: 'argument': conversion from 'size_t' to 'int', possible loss of data
C:\Users\ungbo\Desktop\BME\_Diplomamunka\PointCloudProcessor\PointCloudProcessor\CudaRuntime1\kernel_temp.cu(414): warning C4267: 'argument': conversion from 'size_t' to 'int', possible loss of data
C:\Users\ungbo\Desktop\BME\_Diplomamunka\PointCloudProcessor\PointCloudProcessor\CudaRuntime1\kernel_temp.cu(417): warning C4267: 'argument': conversion from 'size_t' to 'int', possible loss of data
C:\Users\ungbo\Desktop\BME\_Diplomamunka\PointCloudProcessor\PointCloudProcessor\CudaRuntime1\kernel_temp.cu(472): warning C4267: 'argument': conversion from 'size_t' to 'int', possible loss of data
C:\Users\ungbo\Desktop\BME\_Diplomamunka\PointCloudProcessor\PointCloudProcessor\CudaRuntime1\kernel_temp.cu(475): warning C4267: 'argument': conversion from 'size_t' to 'int', possible loss of data
C:\Users\ungbo\Desktop\BME\_Diplomamunka\PointCloudProcessor\PointCloudProcessor\CudaRuntime1\kernel_temp.cu(478): warning C4267: 'argument': conversion from 'size_t' to 'int', possible loss of data
C:\Users\ungbo\Desktop\BME\_Diplomamunka\PointCloudProcessor\PointCloudProcessor\CudaRuntime1\kernel_temp.cu(481): warning C4267: 'argument': conversion from 'size_t' to 'int', possible loss of data
C:\Users\ungbo\Desktop\BME\_Diplomamunka\PointCloudProcessor\PointCloudProcessor\CudaRuntime1\kernel_temp.cu(492): warning C4267: 'argument': conversion from 'size_t' to 'int', possible loss of data
C:\Users\ungbo\Desktop\BME\_Diplomamunka\PointCloudProcessor\PointCloudProcessor\CudaRuntime1\kernel_temp.cu(569): warning C4267: 'argument': conversion from 'size_t' to 'int', possible loss of data
C:\Users\ungbo\Desktop\BME\_Diplomamunka\PointCloudProcessor\PointCloudProcessor\CudaRuntime1\kernel_temp.cu(573): warning C4267: 'argument': conversion from 'size_t' to 'int', possible loss of data
C:\Users\ungbo\Desktop\BME\_Diplomamunka\PointCloudProcessor\PointCloudProcessor\CudaRuntime1\kernel_temp.cu(577): warning C4267: 'argument': conversion from 'size_t' to 'int', possible loss of data
C:\Users\ungbo\Desktop\BME\_Diplomamunka\PointCloudProcessor\PointCloudProcessor\CudaRuntime1\kernel_temp.cu(581): warning C4267: 'argument': conversion from 'size_t' to 'int', possible loss of data
C:\Users\ungbo\Desktop\BME\_Diplomamunka\PointCloudProcessor\PointCloudProcessor\CudaRuntime1\kernel_temp.cu(607): warning C4267: 'argument': conversion from 'size_t' to 'int', possible loss of data
C:\Users\ungbo\Desktop\BME\_Diplomamunka\PointCloudProcessor\PointCloudProcessor\CudaRuntime1\kernel_temp.cu(607): warning C4267: 'argument': conversion from 'size_t' to 'int', possible loss of data
C:\Users\ungbo\Desktop\BME\_Diplomamunka\PointCloudProcessor\PointCloudProcessor\CudaRuntime1\kernel_temp.cu(607): warning C4267: 'argument': conversion from 'size_t' to 'int', possible loss of data
C:\Users\ungbo\Desktop\BME\_Diplomamunka\PointCloudProcessor\PointCloudProcessor\CudaRuntime1\kernel_temp.cu(607): warning C4267: 'argument': conversion from 'size_t' to 'int', possible loss of data
C:\Users\ungbo\Desktop\BME\_Diplomamunka\PointCloudProcessor\PointCloudProcessor\CudaRuntime1\kernel_temp.cu(617): warning C4244: 'initializing': conversion from 'T' to 'float', possible loss of data
          with
          [
              T=double
          ]
C:\Users\ungbo\Desktop\BME\_Diplomamunka\PointCloudProcessor\PointCloudProcessor\CudaRuntime1\kernel_temp.cu(672): warning C4267: 'argument': conversion from 'size_t' to 'int', possible loss of data
C:\Users\ungbo\Desktop\BME\_Diplomamunka\PointCloudProcessor\PointCloudProcessor\CudaRuntime1\kernel_temp.cu(681): warning C4267: 'argument': conversion from 'size_t' to 'int', possible loss of data
C:\Users\ungbo\Desktop\BME\_Diplomamunka\PointCloudProcessor\PointCloudProcessor\CudaRuntime1\kernel_temp.cu(751): warning C4267: 'argument': conversion from 'size_t' to 'int', possible loss of data
C:\Users\ungbo\Desktop\BME\_Diplomamunka\PointCloudProcessor\PointCloudProcessor\CudaRuntime1\kernel_temp.cu(751): warning C4267: 'argument': conversion from 'size_t' to 'int', possible loss of data
C:\Users\ungbo\Desktop\BME\_Diplomamunka\PointCloudProcessor\PointCloudProcessor\CudaRuntime1\kernel_temp.cu(751): warning C4267: 'argument': conversion from 'size_t' to 'int', possible loss of data
C:\Users\ungbo\Desktop\BME\_Diplomamunka\PointCloudProcessor\PointCloudProcessor\CudaRuntime1\kernel_temp.cu(751): warning C4267: 'argument': conversion from 'size_t' to 'int', possible loss of data
C:\Users\ungbo\Desktop\BME\_Diplomamunka\PointCloudProcessor\PointCloudProcessor\CudaRuntime1\kernel_temp.cu(960): warning C4267: 'argument': conversion from 'size_t' to 'int', possible loss of data
C:\Users\ungbo\Desktop\BME\_Diplomamunka\PointCloudProcessor\PointCloudProcessor\CudaRuntime1\kernel_temp.cu(960): warning C4267: 'argument': conversion from 'size_t' to 'int', possible loss of data
C:\Users\ungbo\Desktop\BME\_Diplomamunka\PointCloudProcessor\PointCloudProcessor\CudaRuntime1\kernel_temp.cu(960): warning C4267: 'argument': conversion from 'size_t' to 'int', possible loss of data
C:\Users\ungbo\Desktop\BME\_Diplomamunka\PointCloudProcessor\PointCloudProcessor\CudaRuntime1\kernel_temp.cu(960): warning C4267: 'argument': conversion from 'size_t' to 'int', possible loss of data
C:\Users\ungbo\Desktop\BME\_Diplomamunka\PointCloudProcessor\PointCloudProcessor\CudaRuntime1\kernel_temp.cu(1371): warning C4805: '==': unsafe mix of type 'size_t' and type 'bool' in operation
C:\Users\ungbo\Desktop\BME\_Diplomamunka\PointCloudProcessor\PointCloudProcessor\CudaRuntime1\kernel_temp.cu(2460): warning C4267: 'initializing': conversion from 'size_t' to 'int', possible loss of data
C:\Users\ungbo\Desktop\BME\_Diplomamunka\PointCloudProcessor\PointCloudProcessor\CudaRuntime1\kernel_temp.cu(2790): warning C4267: '=': conversion from 'size_t' to 'int', possible loss of data
C:\Users\ungbo\Desktop\BME\_Diplomamunka\PointCloudProcessor\PointCloudProcessor\CudaRuntime1\kernel_temp.cu(2811): warning C4267: '=': conversion from 'size_t' to 'int', possible loss of data
C:\Users\ungbo\Desktop\BME\_Diplomamunka\PointCloudProcessor\PointCloudProcessor\CudaRuntime1\kernel_temp.cu(2883): warning C4267: '=': conversion from 'size_t' to 'int', possible loss of data
C:\Users\ungbo\Desktop\BME\_Diplomamunka\PointCloudProcessor\PointCloudProcessor\CudaRuntime1\kernel_temp.cu(3002): warning C4267: 'initializing': conversion from 'size_t' to 'int', possible loss of data
C:\Users\ungbo\Desktop\BME\_Diplomamunka\PointCloudProcessor\PointCloudProcessor\CudaRuntime1\kernel_temp.cu(3013): warning C4267: '=': conversion from 'size_t' to 'int', possible loss of data
C:\Program Files (x86)\Microsoft Visual Studio\2019\Community\VC\Tools\MSVC\14.29.30133\include\utility(194): warning C4267: 'initializing': conversion from 'size_t' to '_Ty2', possible loss of data
          with
          [
              _Ty2=int
          ]
  C:\Users\ungbo\Desktop\BME\_Diplomamunka\PointCloudProcessor\PointCloudProcessor\CudaRuntime1\kernel_temp.cu(455): note: see reference to function template instantiation 'std::pair<Point *,int>::pair<Point*&,size_t&,0>(_Other1,_Other2) noexcept' being compiled
          with
          [
              _Other1=Point *&,
              _Other2=size_t &
          ]
  C:\Users\ungbo\Desktop\BME\_Diplomamunka\PointCloudProcessor\PointCloudProcessor\CudaRuntime1\kernel_temp.cu(455): note: see reference to function template instantiation 'std::pair<Point *,int>::pair<Point*&,size_t&,0>(_Other1,_Other2) noexcept' being compiled
          with
          [
              _Other1=Point *&,
              _Other2=size_t &
          ]
C:\Program Files (x86)\Microsoft Visual Studio\2019\Community\VC\Tools\MSVC\14.29.30133\include\utility(194): warning C4244: 'initializing': conversion from '_Ty' to '_Ty2', possible loss of data
          with
          [
              _Ty=unsigned __int64
          ]
          and
          [
              _Ty2=int
          ]
  C:\Users\ungbo\Desktop\BME\_Diplomamunka\PointCloudProcessor\PointCloudProcessor\CudaRuntime1\kernel_temp.cu(523): note: see reference to function template instantiation 'std::pair<Point *,int>::pair<Point*&,size_t,0>(_Other1,_Other2 &&) noexcept' being compiled
          with
          [
              _Other1=Point *&,
              _Other2=size_t
          ]
  C:\Users\ungbo\Desktop\BME\_Diplomamunka\PointCloudProcessor\PointCloudProcessor\CudaRuntime1\kernel_temp.cu(523): note: see reference to function template instantiation 'std::pair<Point *,int>::pair<Point*&,size_t,0>(_Other1,_Other2 &&) noexcept' being compiled
          with
          [
              _Other1=Point *&,
              _Other2=size_t
          ]
  CudaRuntime1.vcxproj -> C:\Users\ungbo\Desktop\BME\_Diplomamunka\PointCloudProcessor\PointCloudProcessor\x64\Debug\CudaRuntime1.exe
